        -:    0:Source:dominion.c
        -:    0:Graph:dominion.gcno
        -:    0:Data:dominion.gcda
        -:    0:Runs:3
        -:    0:Programs:3
        -:    1:#include "dominion.h"
        -:    2:#include "dominion_helpers.h"
        -:    3:#include "rngs.h"
        -:    4:#include <stdio.h>
        -:    5:#include <math.h>
        -:    6:#include <stdlib.h>
        -:    7:
    #####:    8:int compare(const void* a, const void* b) {
    #####:    9:    if (*(int*)a > *(int*)b)
    #####:   10:        return 1;
    #####:   11:    if (*(int*)a < *(int*)b)
    #####:   12:        return -1;
    #####:   13:    return 0;
        -:   14:}
        -:   15:
    #####:   16:struct gameState* newGame() {
    #####:   17:    struct gameState* g = malloc(sizeof(struct gameState));
    #####:   18:    return g;
        -:   19:}
        -:   20:
    #####:   21:int* kingdomCards(int k1, int k2, int k3, int k4, int k5, int k6, int k7,
        -:   22:                  int k8, int k9, int k10) {
    #####:   23:    int* k = malloc(10 * sizeof(int));
    #####:   24:    k[0] = k1;
    #####:   25:    k[1] = k2;
    #####:   26:    k[2] = k3;
    #####:   27:    k[3] = k4;
    #####:   28:    k[4] = k5;
    #####:   29:    k[5] = k6;
    #####:   30:    k[6] = k7;
    #####:   31:    k[7] = k8;
    #####:   32:    k[8] = k9;
    #####:   33:    k[9] = k10;
    #####:   34:    return k;
        -:   35:}
        -:   36:
    #####:   37:int initializeGame(int numPlayers, int kingdomCards[10], int randomSeed,
        -:   38:                   struct gameState *state) {
        -:   39:    int i;
        -:   40:    int j;
        -:   41:    int it;
        -:   42:
        -:   43:    //set up random number generator
    #####:   44:    SelectStream(1);
    #####:   45:    PutSeed((long)randomSeed);
        -:   46:
        -:   47:    //check number of players
    #####:   48:    if (numPlayers > MAX_PLAYERS || numPlayers < 2)
        -:   49:    {
    #####:   50:        return -1;
        -:   51:    }
        -:   52:
        -:   53:    //set number of players
    #####:   54:    state->numPlayers = numPlayers;
        -:   55:
        -:   56:    //check selected kingdom cards are different
    #####:   57:    for (i = 0; i < 10; i++)
        -:   58:    {
    #####:   59:        for (j = 0; j < 10; j++)
        -:   60:        {
    #####:   61:            if (j != i && kingdomCards[j] == kingdomCards[i])
        -:   62:            {
    #####:   63:                return -1;
        -:   64:            }
        -:   65:        }
        -:   66:    }
        -:   67:
        -:   68:
        -:   69:    //initialize supply
        -:   70:    ///////////////////////////////
        -:   71:
        -:   72:    //set number of Curse cards
    #####:   73:    if (numPlayers == 2)
        -:   74:    {
    #####:   75:        state->supplyCount[curse] = 10;
        -:   76:    }
    #####:   77:    else if (numPlayers == 3)
        -:   78:    {
    #####:   79:        state->supplyCount[curse] = 20;
        -:   80:    }
        -:   81:    else
        -:   82:    {
    #####:   83:        state->supplyCount[curse] = 30;
        -:   84:    }
        -:   85:
        -:   86:    //set number of Victory cards
    #####:   87:    if (numPlayers == 2)
        -:   88:    {
    #####:   89:        state->supplyCount[estate] = 8;
    #####:   90:        state->supplyCount[duchy] = 8;
    #####:   91:        state->supplyCount[province] = 8;
        -:   92:    }
        -:   93:    else
        -:   94:    {
    #####:   95:        state->supplyCount[estate] = 12;
    #####:   96:        state->supplyCount[duchy] = 12;
    #####:   97:        state->supplyCount[province] = 12;
        -:   98:    }
        -:   99:
        -:  100:    //set number of Treasure cards
    #####:  101:    state->supplyCount[copper] = 60 - (7 * numPlayers);
    #####:  102:    state->supplyCount[silver] = 40;
    #####:  103:    state->supplyCount[gold] = 30;
        -:  104:
        -:  105:    //set number of Kingdom cards
    #####:  106:    for (i = adventurer; i <= treasure_map; i++)       	//loop all cards
        -:  107:    {
    #####:  108:        for (j = 0; j < 10; j++)           		//loop chosen cards
        -:  109:        {
    #####:  110:            if (kingdomCards[j] == i)
        -:  111:            {
        -:  112:                //check if card is a 'Victory' Kingdom card
    #####:  113:                if (kingdomCards[j] == great_hall || kingdomCards[j] == gardens)
        -:  114:                {
    #####:  115:                    if (numPlayers == 2) {
    #####:  116:                        state->supplyCount[i] = 8;
        -:  117:                    }
        -:  118:                    else {
    #####:  119:                        state->supplyCount[i] = 12;
        -:  120:                    }
        -:  121:                }
        -:  122:                else
        -:  123:                {
    #####:  124:                    state->supplyCount[i] = 10;
        -:  125:                }
    #####:  126:                break;
        -:  127:            }
        -:  128:            else    //card is not in the set choosen for the game
        -:  129:            {
    #####:  130:                state->supplyCount[i] = -1;
        -:  131:            }
        -:  132:        }
        -:  133:
        -:  134:    }
        -:  135:
        -:  136:    ////////////////////////
        -:  137:    //supply intilization complete
        -:  138:
        -:  139:    //set player decks
    #####:  140:    for (i = 0; i < numPlayers; i++)
        -:  141:    {
    #####:  142:        state->deckCount[i] = 0;
    #####:  143:        for (j = 0; j < 3; j++)
        -:  144:        {
    #####:  145:            state->deck[i][j] = estate;
    #####:  146:            state->deckCount[i]++;
        -:  147:        }
    #####:  148:        for (j = 3; j < 10; j++)
        -:  149:        {
    #####:  150:            state->deck[i][j] = copper;
    #####:  151:            state->deckCount[i]++;
        -:  152:        }
        -:  153:    }
        -:  154:
        -:  155:    //shuffle player decks
    #####:  156:    for (i = 0; i < numPlayers; i++)
        -:  157:    {
    #####:  158:        if ( shuffle(i, state) < 0 )
        -:  159:        {
    #####:  160:            return -1;
        -:  161:        }
        -:  162:    }
        -:  163:
        -:  164:    //draw player hands
    #####:  165:    for (i = 0; i < numPlayers; i++)
        -:  166:    {
        -:  167:        //initialize hand size to zero
    #####:  168:        state->handCount[i] = 0;
    #####:  169:        state->discardCount[i] = 0;
        -:  170:        //draw 5 cards
        -:  171:        // for (j = 0; j < 5; j++)
        -:  172:        //	{
        -:  173:        //	  drawCard(i, state);
        -:  174:        //	}
        -:  175:    }
        -:  176:
        -:  177:    //set embargo tokens to 0 for all supply piles
    #####:  178:    for (i = 0; i <= treasure_map; i++)
        -:  179:    {
    #####:  180:        state->embargoTokens[i] = 0;
        -:  181:    }
        -:  182:
        -:  183:    //initialize first player's turn
    #####:  184:    state->outpostPlayed = 0;
    #####:  185:    state->phase = 0;
    #####:  186:    state->numActions = 1;
    #####:  187:    state->numBuys = 1;
    #####:  188:    state->playedCardCount = 0;
    #####:  189:    state->whoseTurn = 0;
    #####:  190:    state->handCount[state->whoseTurn] = 0;
        -:  191:    //int it; move to top
        -:  192:
        -:  193:    //Moved draw cards to here, only drawing at the start of a turn
    #####:  194:    for (it = 0; it < 5; it++) {
    #####:  195:        drawCard(state->whoseTurn, state);
        -:  196:    }
        -:  197:
    #####:  198:    updateCoins(state->whoseTurn, state, 0);
        -:  199:
    #####:  200:    return 0;
        -:  201:}
        -:  202:
       53:  203:int shuffle(int player, struct gameState *state) {
        -:  204:
        -:  205:
        -:  206:    int newDeck[MAX_DECK];
       53:  207:    int newDeckPos = 0;
        -:  208:    int card;
        -:  209:    int i;
        -:  210:
       53:  211:    if (state->deckCount[player] < 1)
       34:  212:        return -1;
       19:  213:    qsort ((void*)(state->deck[player]), state->deckCount[player], sizeof(int), compare);
        -:  214:    /* SORT CARDS IN DECK TO ENSURE DETERMINISM! */
        -:  215:
       57:  216:    while (state->deckCount[player] > 0) {
       19:  217:        card = floor(Random() * state->deckCount[player]);
       19:  218:        newDeck[newDeckPos] = state->deck[player][card];
       19:  219:        newDeckPos++;
       19:  220:        for (i = card; i < state->deckCount[player]-1; i++) {
    #####:  221:            state->deck[player][i] = state->deck[player][i+1];
        -:  222:        }
       19:  223:        state->deckCount[player]--;
        -:  224:    }
       38:  225:    for (i = 0; i < newDeckPos; i++) {
       19:  226:        state->deck[player][i] = newDeck[i];
       19:  227:        state->deckCount[player]++;
        -:  228:    }
        -:  229:
       19:  230:    return 0;
        -:  231:}
        -:  232:
    #####:  233:int playCard(int handPos, int choice1, int choice2, int choice3, struct gameState *state)
        -:  234:{
        -:  235:    int card;
    #####:  236:    int coin_bonus = 0; 		//tracks coins gain from actions
        -:  237:
        -:  238:    //check if it is the right phase
    #####:  239:    if (state->phase != 0)
        -:  240:    {
    #####:  241:        return -1;
        -:  242:    }
        -:  243:
        -:  244:    //check if player has enough actions
    #####:  245:    if ( state->numActions < 1 )
        -:  246:    {
    #####:  247:        return -1;
        -:  248:    }
        -:  249:
        -:  250:    //get card played
    #####:  251:    card = handCard(handPos, state);
        -:  252:
        -:  253:    //check if selected card is an action
    #####:  254:    if ( card < adventurer || card > treasure_map )
        -:  255:    {
    #####:  256:        return -1;
        -:  257:    }
        -:  258:
        -:  259:    //play card
    #####:  260:    if ( cardEffect(card, choice1, choice2, choice3, state, handPos, &coin_bonus) < 0 )
        -:  261:    {
    #####:  262:        return -1;
        -:  263:    }
        -:  264:
        -:  265:    //reduce number of actions
    #####:  266:    state->numActions--;
        -:  267:
        -:  268:    //update coins (Treasure cards may be added with card draws)
    #####:  269:    updateCoins(state->whoseTurn, state, coin_bonus);
        -:  270:
    #####:  271:    return 0;
        -:  272:}
        -:  273:
    #####:  274:int buyCard(int supplyPos, struct gameState *state) {
        -:  275:    int who;
        -:  276:    if (DEBUG) {
        -:  277:        printf("Entering buyCard...\n");
        -:  278:    }
        -:  279:
        -:  280:    // I don't know what to do about the phase thing.
        -:  281:
    #####:  282:    who = state->whoseTurn;
        -:  283:
    #####:  284:    if (state->numBuys < 1) {
        -:  285:        if (DEBUG)
        -:  286:            printf("You do not have any buys left\n");
    #####:  287:        return -1;
    #####:  288:    } else if (supplyCount(supplyPos, state) <1) {
        -:  289:        if (DEBUG)
        -:  290:            printf("There are not any of that type of card left\n");
    #####:  291:        return -1;
    #####:  292:    } else if (state->coins < getCost(supplyPos)) {
        -:  293:        if (DEBUG)
        -:  294:            printf("You do not have enough money to buy that. You have %d coins.\n", state->coins);
    #####:  295:        return -1;
        -:  296:    } else {
    #####:  297:        state->phase=1;
        -:  298:        //state->supplyCount[supplyPos]--;
    #####:  299:        gainCard(supplyPos, state, 0, who); //card goes in discard, this might be wrong.. (2 means goes into hand, 0 goes into discard)
        -:  300:
    #####:  301:        state->coins = (state->coins) - (getCost(supplyPos));
    #####:  302:        state->numBuys--;
        -:  303:        if (DEBUG)
        -:  304:            printf("You bought card number %d for %d coins. You now have %d buys and %d coins.\n", supplyPos, getCost(supplyPos), state->numBuys, state->coins);
        -:  305:    }
        -:  306:
        -:  307:    //state->discard[who][state->discardCount[who]] = supplyPos;
        -:  308:    //state->discardCount[who]++;
        -:  309:
    #####:  310:    return 0;
        -:  311:}
        -:  312:
       15:  313:int numHandCards(struct gameState *state) {
       15:  314:    return state->handCount[ whoseTurn(state) ];
        -:  315:}
        -:  316:
    #####:  317:int handCard(int handPos, struct gameState *state) {
    #####:  318:    int currentPlayer = whoseTurn(state);
    #####:  319:    return state->hand[currentPlayer][handPos];
        -:  320:}
        -:  321:
      489:  322:int supplyCount(int card, struct gameState *state) {
      489:  323:    return state->supplyCount[card];
        -:  324:}
        -:  325:
    #####:  326:int fullDeckCount(int player, int card, struct gameState *state) {
        -:  327:    int i;
    #####:  328:    int count = 0;
        -:  329:
    #####:  330:    for (i = 0; i < state->deckCount[player]; i++)
        -:  331:    {
    #####:  332:        if (state->deck[player][i] == card) count++;
        -:  333:    }
        -:  334:
    #####:  335:    for (i = 0; i < state->handCount[player]; i++)
        -:  336:    {
    #####:  337:        if (state->hand[player][i] == card) count++;
        -:  338:    }
        -:  339:
    #####:  340:    for (i = 0; i < state->discardCount[player]; i++)
        -:  341:    {
    #####:  342:        if (state->discard[player][i] == card) count++;
        -:  343:    }
        -:  344:
    #####:  345:    return count;
        -:  346:}
        -:  347:
     1016:  348:int whoseTurn(struct gameState *state) {
     1016:  349:    return state->whoseTurn;
        -:  350:}
        -:  351:
    #####:  352:int endTurn(struct gameState *state) {
        -:  353:    int k;
        -:  354:    int i;
    #####:  355:    int currentPlayer = whoseTurn(state);
        -:  356:
        -:  357:    //Discard hand
    #####:  358:    for (i = 0; i < state->handCount[currentPlayer]; i++) {
    #####:  359:        state->discard[currentPlayer][state->discardCount[currentPlayer]++] = state->hand[currentPlayer][i];//Discard
    #####:  360:        state->hand[currentPlayer][i] = -1;//Set card to -1
        -:  361:    }
    #####:  362:    state->handCount[currentPlayer] = 0;//Reset hand count
        -:  363:
        -:  364:    //Code for determining the player
    #####:  365:    if (currentPlayer < (state->numPlayers - 1)) {
    #####:  366:        state->whoseTurn = currentPlayer + 1;//Still safe to increment
        -:  367:    }
        -:  368:    else {
    #####:  369:        state->whoseTurn = 0;//Max player has been reached, loop back around to player 1
        -:  370:    }
        -:  371:
    #####:  372:    state->outpostPlayed = 0;
    #####:  373:    state->phase = 0;
    #####:  374:    state->numActions = 1;
    #####:  375:    state->coins = 0;
    #####:  376:    state->numBuys = 1;
    #####:  377:    state->playedCardCount = 0;
    #####:  378:    state->handCount[state->whoseTurn] = 0;
        -:  379:
        -:  380:    //int k; move to top
        -:  381:    //Next player draws hand
    #####:  382:    for (k = 0; k < 5; k++) {
    #####:  383:        drawCard(state->whoseTurn, state);//Draw a card
        -:  384:    }
        -:  385:
        -:  386:    //Update money
    #####:  387:    updateCoins(state->whoseTurn, state, 0);
        -:  388:
    #####:  389:    return 0;
        -:  390:}
        -:  391:
    #####:  392:int isGameOver(struct gameState *state) {
        -:  393:    int i;
        -:  394:    int j;
        -:  395:
        -:  396:    //if stack of Province cards is empty, the game ends
    #####:  397:    if (state->supplyCount[province] == 0)
        -:  398:    {
    #####:  399:        return 1;
        -:  400:    }
        -:  401:
        -:  402:    //if three supply pile are at 0, the game ends
    #####:  403:    j = 0;
    #####:  404:    for (i = 0; i < 25; i++)
        -:  405:    {
    #####:  406:        if (state->supplyCount[i] == 0)
        -:  407:        {
    #####:  408:            j++;
        -:  409:        }
        -:  410:    }
    #####:  411:    if ( j >= 3)
        -:  412:    {
    #####:  413:        return 1;
        -:  414:    }
        -:  415:
    #####:  416:    return 0;
        -:  417:}
        -:  418:
    #####:  419:int scoreFor (int player, struct gameState *state) {
        -:  420:
        -:  421:    int i;
    #####:  422:    int score = 0;
        -:  423:    //score from hand
    #####:  424:    for (i = 0; i < state->handCount[player]; i++)
        -:  425:    {
    #####:  426:        if (state->hand[player][i] == curse) {
    #####:  427:            score = score - 1;
        -:  428:        };
    #####:  429:        if (state->hand[player][i] == estate) {
    #####:  430:            score = score + 1;
        -:  431:        };
    #####:  432:        if (state->hand[player][i] == duchy) {
    #####:  433:            score = score + 3;
        -:  434:        };
    #####:  435:        if (state->hand[player][i] == province) {
    #####:  436:            score = score + 6;
        -:  437:        };
    #####:  438:        if (state->hand[player][i] == great_hall) {
    #####:  439:            score = score + 1;
        -:  440:        };
    #####:  441:        if (state->hand[player][i] == gardens) {
    #####:  442:            score = score + ( fullDeckCount(player, 0, state) / 10 );
        -:  443:        };
        -:  444:    }
        -:  445:
        -:  446:    //score from discard
    #####:  447:    for (i = 0; i < state->discardCount[player]; i++)
        -:  448:    {
    #####:  449:        if (state->discard[player][i] == curse) {
    #####:  450:            score = score - 1;
        -:  451:        };
    #####:  452:        if (state->discard[player][i] == estate) {
    #####:  453:            score = score + 1;
        -:  454:        };
    #####:  455:        if (state->discard[player][i] == duchy) {
    #####:  456:            score = score + 3;
        -:  457:        };
    #####:  458:        if (state->discard[player][i] == province) {
    #####:  459:            score = score + 6;
        -:  460:        };
    #####:  461:        if (state->discard[player][i] == great_hall) {
    #####:  462:            score = score + 1;
        -:  463:        };
    #####:  464:        if (state->discard[player][i] == gardens) {
    #####:  465:            score = score + ( fullDeckCount(player, 0, state) / 10 );
        -:  466:        };
        -:  467:    }
        -:  468:
        -:  469:    //score from deck
    #####:  470:    for (i = 0; i < state->discardCount[player]; i++)
        -:  471:    {
    #####:  472:        if (state->deck[player][i] == curse) {
    #####:  473:            score = score - 1;
        -:  474:        };
    #####:  475:        if (state->deck[player][i] == estate) {
    #####:  476:            score = score + 1;
        -:  477:        };
    #####:  478:        if (state->deck[player][i] == duchy) {
    #####:  479:            score = score + 3;
        -:  480:        };
    #####:  481:        if (state->deck[player][i] == province) {
    #####:  482:            score = score + 6;
        -:  483:        };
    #####:  484:        if (state->deck[player][i] == great_hall) {
    #####:  485:            score = score + 1;
        -:  486:        };
    #####:  487:        if (state->deck[player][i] == gardens) {
    #####:  488:            score = score + ( fullDeckCount(player, 0, state) / 10 );
        -:  489:        };
        -:  490:    }
        -:  491:
    #####:  492:    return score;
        -:  493:}
        -:  494:
    #####:  495:int getWinners(int players[MAX_PLAYERS], struct gameState *state) {
        -:  496:    int i;
        -:  497:    int j;
        -:  498:    int highScore;
        -:  499:    int currentPlayer;
        -:  500:
        -:  501:    //get score for each player
    #####:  502:    for (i = 0; i < MAX_PLAYERS; i++)
        -:  503:    {
        -:  504:        //set unused player scores to -9999
    #####:  505:        if (i >= state->numPlayers)
        -:  506:        {
    #####:  507:            players[i] = -9999;
        -:  508:        }
        -:  509:        else
        -:  510:        {
    #####:  511:            players[i] = scoreFor (i, state);
        -:  512:        }
        -:  513:    }
        -:  514:
        -:  515:    //find highest score
    #####:  516:    j = 0;
    #####:  517:    for (i = 0; i < MAX_PLAYERS; i++)
        -:  518:    {
    #####:  519:        if (players[i] > players[j])
        -:  520:        {
    #####:  521:            j = i;
        -:  522:        }
        -:  523:    }
    #####:  524:    highScore = players[j];
        -:  525:
        -:  526:    //add 1 to players who had less turns
    #####:  527:    currentPlayer = whoseTurn(state);
    #####:  528:    for (i = 0; i < MAX_PLAYERS; i++)
        -:  529:    {
    #####:  530:        if ( players[i] == highScore && i > currentPlayer )
        -:  531:        {
    #####:  532:            players[i]++;
        -:  533:        }
        -:  534:    }
        -:  535:
        -:  536:    //find new highest score
    #####:  537:    j = 0;
    #####:  538:    for (i = 0; i < MAX_PLAYERS; i++)
        -:  539:    {
    #####:  540:        if ( players[i] > players[j] )
        -:  541:        {
    #####:  542:            j = i;
        -:  543:        }
        -:  544:    }
    #####:  545:    highScore = players[j];
        -:  546:
        -:  547:    //set winners in array to 1 and rest to 0
    #####:  548:    for (i = 0; i < MAX_PLAYERS; i++)
        -:  549:    {
    #####:  550:        if ( players[i] == highScore )
        -:  551:        {
    #####:  552:            players[i] = 1;
        -:  553:        }
        -:  554:        else
        -:  555:        {
    #####:  556:            players[i] = 0;
        -:  557:        }
        -:  558:    }
        -:  559:
    #####:  560:    return 0;
        -:  561:}
        -:  562:
       90:  563:int drawCard(int player, struct gameState *state)
        -:  564:{   int count;
        -:  565:    int deckCounter;
       90:  566:    if (state->deckCount[player] <= 0) { //Deck is empty
        -:  567:
        -:  568:        //Step 1 Shuffle the discard pile back into a deck
        -:  569:        int i;
        -:  570:        //Move discard to deck
       22:  571:        for (i = 0; i < state->discardCount[player]; i++) {
        7:  572:            state->deck[player][i] = state->discard[player][i];
        7:  573:            state->discard[player][i] = -1;
        -:  574:        }
        -:  575:
       15:  576:        state->deckCount[player] = state->discardCount[player];
       15:  577:        state->discardCount[player] = 0;//Reset discard
        -:  578:
        -:  579:        //Shufffle the deck
       15:  580:        shuffle(player, state);//Shuffle the deck up and make it so that we can draw
        -:  581:
        -:  582:        if (DEBUG) { //Debug statements
        -:  583:            printf("Deck count now: %d\n", state->deckCount[player]);
        -:  584:        }
        -:  585:
       15:  586:        state->discardCount[player] = 0;
        -:  587:
        -:  588:        //Step 2 Draw Card
       15:  589:        count = state->handCount[player];//Get current player's hand count
        -:  590:
        -:  591:        if (DEBUG) { //Debug statements
        -:  592:            printf("Current hand count: %d\n", count);
        -:  593:        }
        -:  594:
       15:  595:        deckCounter = state->deckCount[player];//Create a holder for the deck count
        -:  596:
       15:  597:        if (deckCounter == 0)
        8:  598:            return -1;
        -:  599:
        7:  600:        state->hand[player][count] = state->deck[player][deckCounter - 1];//Add card to hand
        7:  601:        state->deckCount[player]--;
        7:  602:        state->handCount[player]++;//Increment hand count
        -:  603:    }
        -:  604:
        -:  605:    else {
       75:  606:        int count = state->handCount[player];//Get current hand count for player
        -:  607:        int deckCounter;
        -:  608:        if (DEBUG) { //Debug statements
        -:  609:            printf("Current hand count: %d\n", count);
        -:  610:        }
        -:  611:
       75:  612:        deckCounter = state->deckCount[player];//Create holder for the deck count
       75:  613:        state->hand[player][count] = state->deck[player][deckCounter - 1];//Add card to the hand
       75:  614:        state->deckCount[player]--;
       75:  615:        state->handCount[player]++;//Increment hand count
        -:  616:    }
        -:  617:
       82:  618:    return 0;
        -:  619:}
        -:  620:
    #####:  621:int getCost(int cardNumber)
        -:  622:{
    #####:  623:    switch( cardNumber )
        -:  624:    {
        -:  625:    case curse:
    #####:  626:        return 0;
        -:  627:    case estate:
    #####:  628:        return 2;
        -:  629:    case duchy:
    #####:  630:        return 5;
        -:  631:    case province:
    #####:  632:        return 8;
        -:  633:    case copper:
    #####:  634:        return 0;
        -:  635:    case silver:
    #####:  636:        return 3;
        -:  637:    case gold:
    #####:  638:        return 6;
        -:  639:    case adventurer:
    #####:  640:        return 6;
        -:  641:    case council_room:
    #####:  642:        return 5;
        -:  643:    case feast:
    #####:  644:        return 4;
        -:  645:    case gardens:
    #####:  646:        return 4;
        -:  647:    case mine:
    #####:  648:        return 5;
        -:  649:    case remodel:
    #####:  650:        return 4;
        -:  651:    case smithy:
    #####:  652:        return 4;
        -:  653:    case village:
    #####:  654:        return 3;
        -:  655:    case baron:
    #####:  656:        return 4;
        -:  657:    case great_hall:
    #####:  658:        return 3;
        -:  659:    case minion:
    #####:  660:        return 5;
        -:  661:    case steward:
    #####:  662:        return 3;
        -:  663:    case tribute:
    #####:  664:        return 5;
        -:  665:    case ambassador:
    #####:  666:        return 3;
        -:  667:    case cutpurse:
    #####:  668:        return 4;
        -:  669:    case embargo:
    #####:  670:        return 2;
        -:  671:    case outpost:
    #####:  672:        return 5;
        -:  673:    case salvager:
    #####:  674:        return 4;
        -:  675:    case sea_hag:
    #####:  676:        return 4;
        -:  677:    case treasure_map:
    #####:  678:        return 4;
        -:  679:    }
        -:  680:
    #####:  681:    return -1;
        -:  682:}
        -:  683:
    #####:  684:int do_mine(struct gameState* state, int currentPlayer, int nextPlayer, int choice1, int choice2, int handPos) { //state,currentPlayer,choice1,choice2, handPos
    #####:  685:	int j = state->hand[currentPlayer][choice1];  //store card we will trash
        -:  686:
    #####:  687:	if (state->hand[currentPlayer][choice1] < copper || state->hand[currentPlayer][choice1] > gold || choice2 > treasure_map || choice2 < curse || (getCost(state->hand[currentPlayer][choice1]) + 3) > getCost(choice2))
    #####:  688:		return -1;
        -:  689:
    #####:  690:	gainCard(choice2, state, 2, currentPlayer);
        -:  691:
        -:  692:	//discard card from hand
    #####:  693:	discardCard(handPos, currentPlayer, state, 0);
        -:  694:
        -:  695:	//discard trashed card
        -:  696:	int i;
    #####:  697:	for (i = 1; i < state->handCount[currentPlayer]; i++){
    #####:  698:		if (state->hand[currentPlayer][i] == j){
    #####:  699:			discardCard(i, currentPlayer, state, 1);
    #####:  700:			break;
        -:  701:		}
        -:  702:	}
        -:  703:
    #####:  704:	return 0;
        -:  705:}
        -:  706:
      500:  707:int do_baron(struct gameState* state, int currentPlayer, int nextPlayer, int choice1, int choice2, int handPos) { //state,currentPlayer,choice1,choice2, handPos
      500:  708:	state->numBuys++;//Increase buys by 1!
      500:  709:	if (choice1 > 0) { //Boolean true or going to discard an estate
      260:  710:		int p = 1;//Iterator for hand!
      260:  711:		int card_not_discarded = 1;//Flag for discard set!
     1926:  712:		while (card_not_discarded) {
     1406:  713:			if (state->hand[currentPlayer][p] == estate) { //Found an estate card!
       11:  714:				state->coins += 4;//Add 4 coins to the amount of coins
       11:  715:				state->discard[currentPlayer][state->discardCount[currentPlayer]] = state->hand[currentPlayer][p];
       11:  716:				state->discardCount[currentPlayer]++;
        -:  717:
       58:  718:				for (; p < state->handCount[currentPlayer]; p++) 
       47:  719:					state->hand[currentPlayer][p] = state->hand[currentPlayer][p + 1];
        -:  720:
       11:  721:				state->hand[currentPlayer][state->handCount[currentPlayer]] = -1;
       11:  722:				state->handCount[currentPlayer]--;
       11:  723:				card_not_discarded = 0;//Exit the loop
        -:  724:			}
     1395:  725:			else if (p > state->handCount[currentPlayer]) {
        -:  726:				//if (DEBUG) {
        -:  727:				//	printf("No estate cards in your hand, invalid choice\n");
        -:  728:				//	printf("Must gain an estate if there are any\n");
        -:  729:				//}
      249:  730:				if (supplyCount(estate, state) > 0) {
    #####:  731:					gainCard(baron, state, 0, currentPlayer);
        -:  732:
    #####:  733:					state->supplyCount[estate]--;//Decrement estates
    #####:  734:					if (supplyCount(estate, state) == 0)
    #####:  735:						isGameOver(state);
        -:  736:				}
      249:  737:				card_not_discarded = 0;//Exit the loop
        -:  738:			}
        -:  739:
        -:  740:			else
     1146:  741:				p++;//Next card
        -:  742:		}
        -:  743:	}
        -:  744:
        -:  745:	else {
      240:  746:		if (supplyCount(estate, state) > 0) {
    #####:  747:			gainCard(estate, state, 0, currentPlayer);//Gain an estate
        -:  748:
    #####:  749:			state->supplyCount[estate]--;//Decrement Estates
    #####:  750:			if (supplyCount(estate, state) == 0) {
    #####:  751:				isGameOver(state);
        -:  752:			}
        -:  753:		}
        -:  754:	}
        -:  755:
        -:  756:
      500:  757:	return 0;
        -:  758:}
        -:  759:
    #####:  760:int do_ambassador(struct gameState* state, int currentPlayer, int nextPlayer, int choice1, int choice2, int handPos) {//state,currentPlayer,choice1,choice2, handPos
    #####:  761:	int j = 0;		//used to check if player has enough cards to discard
        -:  762:	int i;
        -:  763:
    #####:  764:	if (choice2 > 2 || choice2 < 0 || choice1 == handPos)
    #####:  765:		return -1;
        -:  766:
    #####:  767:	for (i = 0; i < state->handCount[currentPlayer]; i++){
    #####:  768:		if (i != handPos && i == state->hand[currentPlayer][choice1] && i != choice1)
    #####:  769:			j++;
        -:  770:	}
    #####:  771:	if (j < choice2)
    #####:  772:		return -1;
        -:  773:
        -:  774:	//if (DEBUG)
        -:  775:	//	printf("Player %d reveals card number: %d\n", currentPlayer, state->hand[currentPlayer][choice1]);
        -:  776:
        -:  777:	//increase supply count for choosen card by amount being discarded
    #####:  778:	state->supplyCount[state->hand[currentPlayer][choice1]] += choice2;
        -:  779:
        -:  780:	//each other player gains a copy of revealed card
    #####:  781:	for (i = 1; i < state->numPlayers; i++){
    #####:  782:		if (i != currentPlayer)
    #####:  783:			gainCard(state->hand[currentPlayer][choice1], state, 0, i);
        -:  784:	}
        -:  785:
        -:  786:	//discard played card from hand
    #####:  787:	discardCard(handPos, currentPlayer, state, 0);
        -:  788:
        -:  789:	//trash copies of cards returned to supply
    #####:  790:	for (j = 1; j < choice2; j++){
    #####:  791:		for (i = 0; i < state->handCount[currentPlayer]; i++){
    #####:  792:			if (state->hand[currentPlayer][i] == state->hand[currentPlayer][choice1]){
    #####:  793:				discardCard(i, currentPlayer, state, 1);
    #####:  794:				break;
        -:  795:			}
        -:  796:		}
        -:  797:	}
        -:  798:
    #####:  799:	return 0;
        -:  800:}
        -:  801:
        1:  802:int do_minion(struct gameState* state, int currentPlayer, int nextPlayer, int choice1, int choice2, int handPos) {//state,currentPlayer,choice1,choice2, handPos
        -:  803:	//+1 action
        1:  804:	state->numActions++;
        -:  805:
        -:  806:	//discard card from hand
        1:  807:	discardCard(handPos, currentPlayer, state, 0);
        -:  808:
        1:  809:	if (choice1)
    #####:  810:		state->coins = state->coins + 2;
        1:  811:	else if (choice2){		//discard hand, redraw 4, other players with 5+ cards discard hand and draw 4
        -:  812:		//discard hand
       16:  813:		while (numHandCards(state) > 0){
       14:  814:			discardCard(handPos, currentPlayer, state, 0);
        -:  815:		}
        -:  816:
        -:  817:		//draw 4
        -:  818:		int i;
        -:  819:		int j;
        3:  820:		for (i = 1; i < 3; i++){
        2:  821:			drawCard(currentPlayer, state);
        -:  822:		}
        -:  823:
        -:  824:		//other players discard hand and redraw if hand size > 4
        5:  825:		for (i = 0; i < state->numPlayers; i++){
        4:  826:			if (i != currentPlayer){
        3:  827:				if (state->handCount[i] > 4){
        -:  828:					//discard hand
       51:  829:					while (state->handCount[i] > 0){
       45:  830:						discardCard(handPos, i, state, 0);
        -:  831:					}
        -:  832:
        -:  833:					//draw 4
       15:  834:					for (j = 0; j < 4; j++)
       12:  835:						drawCard(i, state);
        -:  836:				}
        -:  837:			}
        -:  838:		}
        -:  839:
        -:  840:	}
        1:  841:	return 0;
        -:  842:}
        -:  843:
      500:  844:int do_tribute(struct gameState* state, int currentPlayer, int nextPlayer, int choice1, int choice2, int handPos) {//state, currentPlayer, nextPlayer, choice1, choice2, handPos
      500:  845:	int tributeRevealedCards[2] = { -1, -1 };
        -:  846:	int i;
        -:  847:	int j;
      500:  848:	if ((state->discardCount[currentPlayer] + state->deckCount[currentPlayer]) <= 1) {
      142:  849:		if (state->deckCount[nextPlayer] > 0) {
       63:  850:			tributeRevealedCards[0] = state->deck[nextPlayer][state->deckCount[nextPlayer] - 1];
       63:  851:			state->deckCount[nextPlayer]--;
        -:  852:		}
       79:  853:		else if (state->discardCount[nextPlayer] > 0) {
        8:  854:			tributeRevealedCards[0] = state->discard[nextPlayer][state->discardCount[nextPlayer] - 1];
        8:  855:			state->discardCount[nextPlayer]--;
        -:  856:		}
        -:  857:		else {
        -:  858:			//No Card to Reveal
        -:  859:			if (DEBUG)
        -:  860:				printf("No cards to reveal\n");
        -:  861:		}
        -:  862:	}
        -:  863:	else {
      358:  864:		if (state->deckCount[nextPlayer] == 0) {
       50:  865:			for (i = 0; i < state->discardCount[nextPlayer]; i++) {
       12:  866:				state->deck[nextPlayer][i] = state->discard[nextPlayer][i];//Move to deck
       12:  867:				state->deckCount[nextPlayer]++;
       12:  868:				state->discard[nextPlayer][i] = -1;
       12:  869:				state->discardCount[nextPlayer]--;
        -:  870:			}
       38:  871:			shuffle(nextPlayer, state);//Shuffle the deck
        -:  872:		}
      358:  873:		tributeRevealedCards[0] = state->deck[nextPlayer][state->deckCount[nextPlayer] - 1];
      358:  874:		state->deck[nextPlayer][state->deckCount[nextPlayer]--] = -1;
      358:  875:		state->deckCount[nextPlayer]--;
      358:  876:		tributeRevealedCards[1] = state->deck[nextPlayer][state->deckCount[nextPlayer] - 1];
      358:  877:		state->deck[nextPlayer][state->deckCount[nextPlayer]--] = -1;
      358:  878:		state->deckCount[nextPlayer]--;
        -:  879:	}
        -:  880:
      500:  881:	if (tributeRevealedCards[0] == tributeRevealedCards[1]) { //If we have a duplicate card, just drop one
      469:  882:		state->playedCards[state->playedCardCount] = tributeRevealedCards[1];
      469:  883:		state->playedCardCount++;
      469:  884:		tributeRevealedCards[1] = -1;
        -:  885:	}
        -:  886:
      602:  887:	for (j = 0; i <= 2; i++) {
      102:  888:		if (tributeRevealedCards[i] == copper || tributeRevealedCards[i] == silver || tributeRevealedCards[i] == gold) //Treasure cards
    #####:  889:			state->coins += 2;
      102:  890:		else if (tributeRevealedCards[i] == estate || tributeRevealedCards[i] == duchy || tributeRevealedCards[i] == province || tributeRevealedCards[i] == gardens || tributeRevealedCards[i] == great_hall) { //Victory Card Found
       38:  891:			drawCard(currentPlayer, state);
       38:  892:			drawCard(currentPlayer, state);
        -:  893:		}
        -:  894:		else//Action Card
       64:  895:			state->numActions = state->numActions + 2;
      102:  896:		j++;
        -:  897:	}
      500:  898:	return 0;
        -:  899:}
        -:  900:
     1001:  901:int cardEffect(int card, int choice1, int choice2, int choice3, struct gameState *state, int handPos, int *bonus)
        -:  902:{
        -:  903:    int i;
        -:  904:    int j;
        -:  905:    int k;
        -:  906:    int x;
        -:  907:    int index;
     1001:  908:    int currentPlayer = whoseTurn(state);
     1001:  909:    int nextPlayer = currentPlayer + 1;
        -:  910:
        -:  911:    int temphand[MAX_HAND];// moved above the if statement
     1001:  912:    int drawntreasure=0;
        -:  913:    int cardDrawn;
     1001:  914:    int z = 0;// this is the counter for the temp hand
     1001:  915:    if (nextPlayer > (state->numPlayers - 1)) {
    #####:  916:        nextPlayer = 0;
        -:  917:    }
        -:  918:
        -:  919:
        -:  920:    //uses switch to select card and perform actions
     1001:  921:    switch( card )
        -:  922:    {
        -:  923:    case adventurer:
    #####:  924:        while(drawntreasure<2) {
    #####:  925:            if (state->deckCount[currentPlayer] <1) { //if the deck is empty we need to shuffle discard and add to deck
    #####:  926:                shuffle(currentPlayer, state);
        -:  927:            }
    #####:  928:            drawCard(currentPlayer, state);
    #####:  929:            cardDrawn = state->hand[currentPlayer][state->handCount[currentPlayer]-1];//top card of hand is most recently drawn card.
    #####:  930:            if (cardDrawn == copper || cardDrawn == silver || cardDrawn == gold)
    #####:  931:                drawntreasure++;
        -:  932:            else {
    #####:  933:                temphand[z]=cardDrawn;
    #####:  934:                state->handCount[currentPlayer]--; //this should just remove the top card (the most recently drawn one).
    #####:  935:                z++;
        -:  936:            }
        -:  937:        }
    #####:  938:        while(z-1>=0) {
    #####:  939:            state->discard[currentPlayer][state->discardCount[currentPlayer]++]=temphand[z-1]; // discard all cards in play that have been drawn
    #####:  940:            z=z-1;
        -:  941:        }
    #####:  942:        return 0;
        -:  943:
        -:  944:    case council_room:
        -:  945:        //+4 Cards
    #####:  946:        for (i = 0; i < 4; i++)
        -:  947:        {
    #####:  948:            drawCard(currentPlayer, state);
        -:  949:        }
        -:  950:
        -:  951:        //+1 Buy
    #####:  952:        state->numBuys++;
        -:  953:
        -:  954:        //Each other player draws a card
    #####:  955:        for (i = 0; i < state->numPlayers; i++)
        -:  956:        {
    #####:  957:            if ( i != currentPlayer )
        -:  958:            {
    #####:  959:                drawCard(i, state);
        -:  960:            }
        -:  961:        }
        -:  962:
        -:  963:        //put played card in played card pile
    #####:  964:        discardCard(handPos, currentPlayer, state, 0);
        -:  965:
    #####:  966:        return 0;
        -:  967:
        -:  968:    case feast:
        -:  969:        //gain card with cost up to 5
        -:  970:        //Backup hand
    #####:  971:        for (i = 0; i <= state->handCount[currentPlayer]; i++) {
    #####:  972:            temphand[i] = state->hand[currentPlayer][i];//Backup card
    #####:  973:            state->hand[currentPlayer][i] = -1;//Set to nothing
        -:  974:        }
        -:  975:        //Backup hand
        -:  976:
        -:  977:        //Update Coins for Buy
    #####:  978:        updateCoins(currentPlayer, state, 5);
    #####:  979:        x = 1;//Condition to loop on
    #####:  980:        while( x == 1) {//Buy one card
    #####:  981:            if (supplyCount(choice1, state) <= 0) {
        -:  982:                if (DEBUG)
        -:  983:                    printf("None of that card left, sorry!\n");
        -:  984:
        -:  985:                if (DEBUG) {
        -:  986:                    printf("Cards Left: %d\n", supplyCount(choice1, state));
        -:  987:                }
        -:  988:            }
    #####:  989:            else if (state->coins < getCost(choice1)) {
    #####:  990:                printf("That card is too expensive!\n");
        -:  991:
        -:  992:                if (DEBUG) {
        -:  993:                    printf("Coins: %d < %d\n", state->coins, getCost(choice1));
        -:  994:                }
        -:  995:            }
        -:  996:            else {
        -:  997:
        -:  998:                if (DEBUG) {
        -:  999:                    printf("Deck Count: %d\n", state->handCount[currentPlayer] + state->deckCount[currentPlayer] + state->discardCount[currentPlayer]);
        -: 1000:                }
        -: 1001:
    #####: 1002:                gainCard(choice1, state, 0, currentPlayer);//Gain the card
    #####: 1003:                x = 0;//No more buying cards
        -: 1004:
        -: 1005:                if (DEBUG) {
        -: 1006:                    printf("Deck Count: %d\n", state->handCount[currentPlayer] + state->deckCount[currentPlayer] + state->discardCount[currentPlayer]);
        -: 1007:                }
        -: 1008:
        -: 1009:            }
        -: 1010:        }
        -: 1011:
        -: 1012:        //Reset Hand
    #####: 1013:        for (i = 0; i <= state->handCount[currentPlayer]; i++) {
    #####: 1014:            state->hand[currentPlayer][i] = temphand[i];
    #####: 1015:            temphand[i] = -1;
        -: 1016:        }
        -: 1017:        //Reset Hand
        -: 1018:
    #####: 1019:        return 0;
        -: 1020:
        -: 1021:    case gardens:
    #####: 1022:        return -1;
        -: 1023:		///state, currentPlayer, nextPlayer, choice1, choice2, handPos
        -: 1024:    case mine:
    #####: 1025:		return do_mine(state, currentPlayer, nextPlayer, choice1, choice2, handPos);
        -: 1026:
        -: 1027:    case remodel:
    #####: 1028:        j = state->hand[currentPlayer][choice1];  //store card we will trash
        -: 1029:
    #####: 1030:        if ( (getCost(state->hand[currentPlayer][choice1]) + 2) > getCost(choice2) )
        -: 1031:        {
    #####: 1032:            return -1;
        -: 1033:        }
        -: 1034:
    #####: 1035:        gainCard(choice2, state, 0, currentPlayer);
        -: 1036:
        -: 1037:        //discard card from hand
    #####: 1038:        discardCard(handPos, currentPlayer, state, 0);
        -: 1039:
        -: 1040:        //discard trashed card
    #####: 1041:        for (i = 0; i < state->handCount[currentPlayer]; i++)
        -: 1042:        {
    #####: 1043:            if (state->hand[currentPlayer][i] == j)
        -: 1044:            {
    #####: 1045:                discardCard(i, currentPlayer, state, 0);
    #####: 1046:                break;
        -: 1047:            }
        -: 1048:        }
        -: 1049:
        -: 1050:
    #####: 1051:        return 0;
        -: 1052:
        -: 1053:    case smithy:
        -: 1054:        //+3 Cards
    #####: 1055:        for (i = 0; i < 3; i++)
        -: 1056:        {
    #####: 1057:            drawCard(currentPlayer, state);
        -: 1058:        }
        -: 1059:
        -: 1060:        //discard card from hand
    #####: 1061:        discardCard(handPos, currentPlayer, state, 0);
    #####: 1062:        return 0;
        -: 1063:
        -: 1064:    case village:
        -: 1065:        //+1 Card
    #####: 1066:        drawCard(currentPlayer, state);
        -: 1067:
        -: 1068:        //+2 Actions
    #####: 1069:        state->numActions = state->numActions + 2;
        -: 1070:
        -: 1071:        //discard played card from hand
    #####: 1072:        discardCard(handPos, currentPlayer, state, 0);
    #####: 1073:        return 0;
        -: 1074:
        -: 1075:    case baron:
      500: 1076:		return do_baron(state, currentPlayer, nextPlayer, choice1, choice2, handPos);
        -: 1077:
        -: 1078:    case great_hall:
        -: 1079:        //+1 Card
    #####: 1080:        drawCard(currentPlayer, state);
        -: 1081:
        -: 1082:        //+1 Actions
    #####: 1083:        state->numActions++;
        -: 1084:
        -: 1085:        //discard card from hand
    #####: 1086:        discardCard(handPos, currentPlayer, state, 0);
    #####: 1087:        return 0;
        -: 1088:
        -: 1089:    case minion:
        1: 1090:		return do_minion(state, currentPlayer, nextPlayer, choice1, choice2, handPos);
        -: 1091:
        -: 1092:    case steward:
    #####: 1093:        if (choice1 == 1)
        -: 1094:        {
        -: 1095:            //+2 cards
    #####: 1096:            drawCard(currentPlayer, state);
    #####: 1097:            drawCard(currentPlayer, state);
        -: 1098:        }
    #####: 1099:        else if (choice1 == 2)
        -: 1100:        {
        -: 1101:            //+2 coins
    #####: 1102:            state->coins = state->coins + 2;
        -: 1103:        }
        -: 1104:        else
        -: 1105:        {
        -: 1106:            //trash 2 cards in hand
    #####: 1107:            discardCard(choice2, currentPlayer, state, 1);
    #####: 1108:            discardCard(choice3, currentPlayer, state, 1);
        -: 1109:        }
        -: 1110:
        -: 1111:        //discard card from hand
    #####: 1112:        discardCard(handPos, currentPlayer, state, 0);
    #####: 1113:        return 0;
        -: 1114:
        -: 1115:    case tribute:
      500: 1116:		return do_tribute(state, currentPlayer, nextPlayer, choice1, choice2, handPos);
        -: 1117:
        -: 1118:    case ambassador:
    #####: 1119:		return do_ambassador(state, currentPlayer, nextPlayer, choice1, choice2, handPos);
        -: 1120:
        -: 1121:    case cutpurse:
        -: 1122:
    #####: 1123:        updateCoins(currentPlayer, state, 2);
    #####: 1124:        for (i = 0; i < state->numPlayers; i++)
        -: 1125:        {
    #####: 1126:            if (i != currentPlayer)
        -: 1127:            {
    #####: 1128:                for (j = 0; j < state->handCount[i]; j++)
        -: 1129:                {
    #####: 1130:                    if (state->hand[i][j] == copper)
        -: 1131:                    {
    #####: 1132:                        discardCard(j, i, state, 0);
    #####: 1133:                        break;
        -: 1134:                    }
    #####: 1135:                    if (j == state->handCount[i])
        -: 1136:                    {
    #####: 1137:                        for (k = 0; k < state->handCount[i]; k++)
        -: 1138:                        {
        -: 1139:                            if (DEBUG)
        -: 1140:                                printf("Player %d reveals card number %d\n", i, state->hand[i][k]);
        -: 1141:                        }
    #####: 1142:                        break;
        -: 1143:                    }
        -: 1144:                }
        -: 1145:
        -: 1146:            }
        -: 1147:
        -: 1148:        }
        -: 1149:
        -: 1150:        //discard played card from hand
    #####: 1151:        discardCard(handPos, currentPlayer, state, 0);
        -: 1152:
    #####: 1153:        return 0;
        -: 1154:
        -: 1155:
        -: 1156:    case embargo:
        -: 1157:        //+2 Coins
    #####: 1158:        state->coins = state->coins + 2;
        -: 1159:
        -: 1160:        //see if selected pile is in play
    #####: 1161:        if ( state->supplyCount[choice1] == -1 )
        -: 1162:        {
    #####: 1163:            return -1;
        -: 1164:        }
        -: 1165:
        -: 1166:        //add embargo token to selected supply pile
    #####: 1167:        state->embargoTokens[choice1]++;
        -: 1168:
        -: 1169:        //trash card
    #####: 1170:        discardCard(handPos, currentPlayer, state, 1);
    #####: 1171:        return 0;
        -: 1172:
        -: 1173:    case outpost:
        -: 1174:        //set outpost flag
    #####: 1175:        state->outpostPlayed++;
        -: 1176:
        -: 1177:        //discard card
    #####: 1178:        discardCard(handPos, currentPlayer, state, 0);
    #####: 1179:        return 0;
        -: 1180:
        -: 1181:    case salvager:
        -: 1182:        //+1 buy
    #####: 1183:        state->numBuys++;
        -: 1184:
    #####: 1185:        if (choice1)
        -: 1186:        {
        -: 1187:            //gain coins equal to trashed card
    #####: 1188:            state->coins = state->coins + getCost( handCard(choice1, state) );
        -: 1189:            //trash card
    #####: 1190:            discardCard(choice1, currentPlayer, state, 1);
        -: 1191:        }
        -: 1192:
        -: 1193:        //discard card
    #####: 1194:        discardCard(handPos, currentPlayer, state, 0);
    #####: 1195:        return 0;
        -: 1196:
        -: 1197:    case sea_hag:
    #####: 1198:        for (i = 0; i < state->numPlayers; i++) {
    #####: 1199:            if (i != currentPlayer) {
    #####: 1200:                state->discard[i][state->discardCount[i]] = state->deck[i][state->deckCount[i]--];
    #####: 1201:                state->deckCount[i]--;
    #####: 1202:                state->discardCount[i]++;
    #####: 1203:                state->deck[i][state->deckCount[i]--] = curse;//Top card now a curse
        -: 1204:            }
        -: 1205:        }
    #####: 1206:        return 0;
        -: 1207:
        -: 1208:    case treasure_map:
        -: 1209:        //search hand for another treasure_map
    #####: 1210:        index = -1;
    #####: 1211:        for (i = 0; i < state->handCount[currentPlayer]; i++)
        -: 1212:        {
    #####: 1213:            if (state->hand[currentPlayer][i] == treasure_map && i != handPos)
        -: 1214:            {
    #####: 1215:                index = i;
    #####: 1216:                break;
        -: 1217:            }
        -: 1218:        }
    #####: 1219:        if (index > -1)
        -: 1220:        {
        -: 1221:            //trash both treasure cards
    #####: 1222:            discardCard(handPos, currentPlayer, state, 1);
    #####: 1223:            discardCard(index, currentPlayer, state, 1);
        -: 1224:
        -: 1225:            //gain 4 Gold cards
    #####: 1226:            for (i = 0; i < 4; i++)
        -: 1227:            {
    #####: 1228:                gainCard(gold, state, 1, currentPlayer);
        -: 1229:            }
        -: 1230:
        -: 1231:            //return success
    #####: 1232:            return 1;
        -: 1233:        }
        -: 1234:
        -: 1235:        //no second treasure_map found in hand
    #####: 1236:        return -1;
        -: 1237:    }
        -: 1238:
    #####: 1239:    return -1;
        -: 1240:}
        -: 1241:
       60: 1242:int discardCard(int handPos, int currentPlayer, struct gameState *state, int trashFlag)
        -: 1243:{
        -: 1244:
        -: 1245:    //if card is not trashed, added to Played pile
       60: 1246:    if (trashFlag < 1)
        -: 1247:    {
        -: 1248:        //add card to played pile
       60: 1249:        state->playedCards[state->playedCardCount] = state->hand[currentPlayer][handPos];
       60: 1250:        state->playedCardCount++;
        -: 1251:    }
        -: 1252:
        -: 1253:    //set played card to -1
       60: 1254:    state->hand[currentPlayer][handPos] = -1;
        -: 1255:
        -: 1256:    //remove card from player's hand
       60: 1257:    if ( handPos == (state->handCount[currentPlayer] - 1) ) 	//last card in hand array is played
        -: 1258:    {
        -: 1259:        //reduce number of cards in hand
        4: 1260:        state->handCount[currentPlayer]--;
        -: 1261:    }
       56: 1262:    else if ( state->handCount[currentPlayer] == 1 ) //only one card in hand
        -: 1263:    {
        -: 1264:        //reduce number of cards in hand
    #####: 1265:        state->handCount[currentPlayer]--;
        -: 1266:    }
        -: 1267:    else
        -: 1268:    {
        -: 1269:        //replace discarded card with last card in hand
       56: 1270:        state->hand[currentPlayer][handPos] = state->hand[currentPlayer][ (state->handCount[currentPlayer] - 1)];
        -: 1271:        //set last card to -1
       56: 1272:        state->hand[currentPlayer][state->handCount[currentPlayer] - 1] = -1;
        -: 1273:        //reduce number of cards in hand
       56: 1274:        state->handCount[currentPlayer]--;
        -: 1275:    }
        -: 1276:
       60: 1277:    return 0;
        -: 1278:}
        -: 1279:
    #####: 1280:int gainCard(int supplyPos, struct gameState *state, int toFlag, int player)
        -: 1281:{
        -: 1282:    //Note: supplyPos is enum of choosen card
        -: 1283:
        -: 1284:    //check if supply pile is empty (0) or card is not used in game (-1)
    #####: 1285:    if ( supplyCount(supplyPos, state) < 1 )
        -: 1286:    {
    #####: 1287:        return -1;
        -: 1288:    }
        -: 1289:
        -: 1290:    //added card for [whoseTurn] current player:
        -: 1291:    // toFlag = 0 : add to discard
        -: 1292:    // toFlag = 1 : add to deck
        -: 1293:    // toFlag = 2 : add to hand
        -: 1294:
    #####: 1295:    if (toFlag == 1)
        -: 1296:    {
    #####: 1297:        state->deck[ player ][ state->deckCount[player] ] = supplyPos;
    #####: 1298:        state->deckCount[player]++;
        -: 1299:    }
    #####: 1300:    else if (toFlag == 2)
        -: 1301:    {
    #####: 1302:        state->hand[ player ][ state->handCount[player] ] = supplyPos;
    #####: 1303:        state->handCount[player]++;
        -: 1304:    }
        -: 1305:    else
        -: 1306:    {
    #####: 1307:        state->discard[player][ state->discardCount[player] ] = supplyPos;
    #####: 1308:        state->discardCount[player]++;
        -: 1309:    }
        -: 1310:
        -: 1311:    //decrease number in supply pile
    #####: 1312:    state->supplyCount[supplyPos]--;
        -: 1313:
    #####: 1314:    return 0;
        -: 1315:}
        -: 1316:
    #####: 1317:int updateCoins(int player, struct gameState *state, int bonus)
        -: 1318:{
        -: 1319:    int i;
        -: 1320:
        -: 1321:    //reset coin count
    #####: 1322:    state->coins = 0;
        -: 1323:
        -: 1324:    //add coins for each Treasure card in player's hand
    #####: 1325:    for (i = 0; i < state->handCount[player]; i++)
        -: 1326:    {
    #####: 1327:        if (state->hand[player][i] == copper)
        -: 1328:        {
    #####: 1329:            state->coins += 1;
        -: 1330:        }
    #####: 1331:        else if (state->hand[player][i] == silver)
        -: 1332:        {
    #####: 1333:            state->coins += 2;
        -: 1334:        }
    #####: 1335:        else if (state->hand[player][i] == gold)
        -: 1336:        {
    #####: 1337:            state->coins += 3;
        -: 1338:        }
        -: 1339:    }
        -: 1340:
        -: 1341:    //add bonus
    #####: 1342:    state->coins += bonus;
        -: 1343:
    #####: 1344:    return 0;
        -: 1345:}
        -: 1346:
        -: 1347:
        -: 1348:
        -: 1349://end of dominion.c
        -: 1350:
